<?xml version="1.0" encoding="UTF-8"?>
<testng-results ignored="0" total="1" passed="1" failed="0" skipped="0">
  <reporter-output>
  </reporter-output>
  <suite started-at="2023-05-29T16:45:18 IST" name="Suite" finished-at="2023-05-29T16:45:32 IST" duration-ms="13831">
    <groups>
    </groups>
    <test started-at="2023-05-29T16:45:18 IST" name="Test" finished-at="2023-05-29T16:45:32 IST" duration-ms="13831">
      <class name="com.inetbanking.testcases.TC_LoginTest_001">
        <test-method is-config="true" signature="setup(java.lang.String)[pri:0, instance:com.inetbanking.testcases.TC_LoginTest_001@7d4f9aae]" started-at="2023-05-29T16:45:19 IST" name="setup" finished-at="2023-05-29T16:45:30 IST" duration-ms="11238" status="PASS">
          <params>
            <param index="0">
              <value>
                <![CDATA[chrome]]>
              </value>
            </param>
          </params>
          <reporter-output>
          </reporter-output>
        </test-method> <!-- setup -->
        <test-method signature="logintest()[pri:0, instance:com.inetbanking.testcases.TC_LoginTest_001@7d4f9aae]" started-at="2023-05-29T16:45:30 IST" name="logintest" finished-at="2023-05-29T16:45:32 IST" duration-ms="1755" status="PASS">
          <reporter-output>
          </reporter-output>
        </test-method> <!-- logintest -->
        <test-method is-config="true" signature="teardown()[pri:0, instance:com.inetbanking.testcases.TC_LoginTest_001@7d4f9aae]" started-at="2023-05-29T16:45:32 IST" name="teardown" finished-at="2023-05-29T16:45:32 IST" duration-ms="494" status="PASS">
          <reporter-output>
          </reporter-output>
        </test-method> <!-- teardown -->
      </class> <!-- com.inetbanking.testcases.TC_LoginTest_001 -->
    </test> <!-- Test -->
  </suite> <!-- Suite -->
</testng-results>
